2014-02-20 21:36:57.397 EnergyControl[23947:80b] Multi-tasking -> Device: YES, App: YES
2014-02-20 21:36:57.711 EnergyControl[23947:80b] Unlimited access to network resources
2014-02-20 21:37:00.592 EnergyControl[23947:80b] [CDVTimer][splashscreen] 265.406013ms
2014-02-20 21:37:00.592 EnergyControl[23947:80b] [CDVTimer][TotalPluginStartup] 265.825033ms
2014-02-20 21:37:00.751 EnergyControl[23947:80b] Resetting plugins due to page load.
2014-02-20 21:37:01.761 EnergyControl[23947:80b] Finished load of: file:///Users/Jared/Library/Application%20Support/iPhone%20Simulator/7.0.3/Applications/1194AF5E-B672-45CA-98CD-5ED18F8718A2/EnergyControl.app/www/index.html
2014-02-20 21:38:15.731 EnergyControl[24234:80b] Multi-tasking -> Device: YES, App: YES
2014-02-20 21:38:15.742 EnergyControl[24234:80b] Unlimited access to network resources
2014-02-20 21:38:15.848 EnergyControl[24234:80b] [CDVTimer][splashscreen] 72.843969ms
2014-02-20 21:38:15.869 EnergyControl[24234:80b] [CDVTimer][TotalPluginStartup] 93.826056ms
2014-02-20 21:38:16.172 EnergyControl[24234:80b] Resetting plugins due to page load.
2014-02-20 21:38:16.549 EnergyControl[24234:80b] Finished load of: file:///Users/Jared/Library/Application%20Support/iPhone%20Simulator/7.0.3/Applications/1194AF5E-B672-45CA-98CD-5ED18F8718A2/EnergyControl.app/www/index.html
2014-02-20 21:42:51.094 EnergyControl[25101:80b] Multi-tasking -> Device: YES, App: YES
2014-02-20 21:42:51.106 EnergyControl[25101:80b] Unlimited access to network resources
2014-02-20 21:42:51.142 EnergyControl[25101:80b] [CDVTimer][splashscreen] 11.112034ms
2014-02-20 21:42:51.143 EnergyControl[25101:80b] [CDVTimer][TotalPluginStartup] 11.700988ms
2014-02-20 21:42:51.373 EnergyControl[25101:80b] Resetting plugins due to page load.
2014-02-20 21:42:51.801 EnergyControl[25101:80b] Finished load of: file:///Users/Jared/Library/Application%20Support/iPhone%20Simulator/7.0.3/Applications/1194AF5E-B672-45CA-98CD-5ED18F8718A2/EnergyControl.app/www/index.html
2014-02-20 21:46:36.556 EnergyControl[25672:80b] Multi-tasking -> Device: YES, App: YES
2014-02-20 21:46:36.565 EnergyControl[25672:80b] Unlimited access to network resources
2014-02-20 21:46:36.602 EnergyControl[25672:80b] [CDVTimer][splashscreen] 11.056006ms
2014-02-20 21:46:36.602 EnergyControl[25672:80b] [CDVTimer][TotalPluginStartup] 11.779010ms
2014-02-20 21:46:36.811 EnergyControl[25672:80b] Resetting plugins due to page load.
2014-02-20 21:46:37.418 EnergyControl[25672:80b] Finished load of: file:///Users/Jared/Library/Application%20Support/iPhone%20Simulator/7.0.3/Applications/1194AF5E-B672-45CA-98CD-5ED18F8718A2/EnergyControl.app/www/index.html
2014-02-20 21:57:59.272 EnergyControl[26065:80b] Multi-tasking -> Device: YES, App: YES
2014-02-20 21:57:59.282 EnergyControl[26065:80b] Unlimited access to network resources
2014-02-20 21:57:59.316 EnergyControl[26065:80b] [CDVTimer][splashscreen] 8.816004ms
2014-02-20 21:57:59.317 EnergyControl[26065:80b] [CDVTimer][TotalPluginStartup] 9.232998ms
2014-02-20 21:57:59.494 EnergyControl[26065:80b] Resetting plugins due to page load.
2014-02-20 21:57:59.821 EnergyControl[26065:80b] Finished load of: file:///Users/Jared/Library/Application%20Support/iPhone%20Simulator/7.0.3/Applications/1194AF5E-B672-45CA-98CD-5ED18F8718A2/EnergyControl.app/www/index.html
2014-02-20 21:59:42.804 EnergyControl[26352:80b] Multi-tasking -> Device: YES, App: YES
2014-02-20 21:59:42.814 EnergyControl[26352:80b] Unlimited access to network resources
2014-02-20 21:59:42.846 EnergyControl[26352:80b] [CDVTimer][splashscreen] 10.492027ms
2014-02-20 21:59:42.847 EnergyControl[26352:80b] [CDVTimer][TotalPluginStartup] 11.051953ms
2014-02-20 21:59:43.041 EnergyControl[26352:80b] Resetting plugins due to page load.
2014-02-20 21:59:43.730 EnergyControl[26352:80b] Finished load of: file:///Users/Jared/Library/Application%20Support/iPhone%20Simulator/7.0.3/Applications/1194AF5E-B672-45CA-98CD-5ED18F8718A2/EnergyControl.app/www/index.html
2014-02-20 22:00:41.159 EnergyControl[26918:80b] Multi-tasking -> Device: YES, App: YES
2014-02-20 22:00:41.170 EnergyControl[26918:80b] Unlimited access to network resources
2014-02-20 22:00:41.204 EnergyControl[26918:80b] [CDVTimer][splashscreen] 11.049986ms
2014-02-20 22:00:41.204 EnergyControl[26918:80b] [CDVTimer][TotalPluginStartup] 11.689007ms
2014-02-20 22:00:41.428 EnergyControl[26918:80b] Resetting plugins due to page load.
2014-02-20 22:00:41.779 EnergyControl[26918:80b] Finished load of: file:///Users/Jared/Library/Application%20Support/iPhone%20Simulator/7.0.3/Applications/1194AF5E-B672-45CA-98CD-5ED18F8718A2/EnergyControl.app/www/index.html
2014-02-20 22:02:06.990 EnergyControl[27204:80b] Multi-tasking -> Device: YES, App: YES
2014-02-20 22:02:06.999 EnergyControl[27204:80b] Unlimited access to network resources
2014-02-20 22:02:07.030 EnergyControl[27204:80b] [CDVTimer][splashscreen] 9.769976ms
2014-02-20 22:02:07.030 EnergyControl[27204:80b] [CDVTimer][TotalPluginStartup] 10.318995ms
2014-02-20 22:02:07.216 EnergyControl[27204:80b] Resetting plugins due to page load.
2014-02-20 22:02:07.627 EnergyControl[27204:80b] Finished load of: file:///Users/Jared/Library/Application%20Support/iPhone%20Simulator/7.0.3/Applications/1194AF5E-B672-45CA-98CD-5ED18F8718A2/EnergyControl.app/www/index.html
2014-02-20 22:03:05.651 EnergyControl[27492:80b] Multi-tasking -> Device: YES, App: YES
2014-02-20 22:03:05.661 EnergyControl[27492:80b] Unlimited access to network resources
2014-02-20 22:03:05.696 EnergyControl[27492:80b] [CDVTimer][splashscreen] 10.047972ms
2014-02-20 22:03:05.696 EnergyControl[27492:80b] [CDVTimer][TotalPluginStartup] 10.614038ms
2014-02-20 22:03:05.905 EnergyControl[27492:80b] Resetting plugins due to page load.
2014-02-20 22:03:06.645 EnergyControl[27492:80b] Finished load of: file:///Users/Jared/Library/Application%20Support/iPhone%20Simulator/7.0.3/Applications/1194AF5E-B672-45CA-98CD-5ED18F8718A2/EnergyControl.app/www/index.html
2014-02-20 22:05:22.714 EnergyControl[28067:80b] Multi-tasking -> Device: YES, App: YES
2014-02-20 22:05:22.722 EnergyControl[28067:80b] Unlimited access to network resources
2014-02-20 22:05:22.754 EnergyControl[28067:80b] [CDVTimer][splashscreen] 11.085033ms
2014-02-20 22:05:22.755 EnergyControl[28067:80b] [CDVTimer][TotalPluginStartup] 11.716008ms
2014-02-20 22:05:22.960 EnergyControl[28067:80b] Resetting plugins due to page load.
2014-02-20 22:05:24.232 EnergyControl[28067:80b] Finished load of: file:///Users/Jared/Library/Application%20Support/iPhone%20Simulator/7.0.3/Applications/1194AF5E-B672-45CA-98CD-5ED18F8718A2/EnergyControl.app/www/index.html
2014-02-20 22:06:48.614 EnergyControl[28358:80b] Multi-tasking -> Device: YES, App: YES
2014-02-20 22:06:48.623 EnergyControl[28358:80b] Unlimited access to network resources
2014-02-20 22:06:48.651 EnergyControl[28358:80b] [CDVTimer][splashscreen] 10.230958ms
2014-02-20 22:06:48.652 EnergyControl[28358:80b] [CDVTimer][TotalPluginStartup] 10.784984ms
2014-02-20 22:06:48.878 EnergyControl[28358:80b] Resetting plugins due to page load.
2014-02-20 22:06:49.807 EnergyControl[28358:80b] Finished load of: file:///Users/Jared/Library/Application%20Support/iPhone%20Simulator/7.0.3/Applications/1194AF5E-B672-45CA-98CD-5ED18F8718A2/EnergyControl.app/www/index.html
2014-02-20 22:09:52.511 EnergyControl[28663:80b] Multi-tasking -> Device: YES, App: YES
2014-02-20 22:09:52.521 EnergyControl[28663:80b] Unlimited access to network resources
2014-02-20 22:09:52.550 EnergyControl[28663:80b] [CDVTimer][splashscreen] 9.501040ms
2014-02-20 22:09:52.550 EnergyControl[28663:80b] [CDVTimer][TotalPluginStartup] 9.997010ms
2014-02-20 22:09:52.772 EnergyControl[28663:80b] Resetting plugins due to page load.
2014-02-20 22:09:53.662 EnergyControl[28663:80b] Finished load of: file:///Users/Jared/Library/Application%20Support/iPhone%20Simulator/7.0.3/Applications/1194AF5E-B672-45CA-98CD-5ED18F8718A2/EnergyControl.app/www/index.html
2014-02-20 22:10:30.058 EnergyControl[28948:80b] Multi-tasking -> Device: YES, App: YES
2014-02-20 22:10:30.067 EnergyControl[28948:80b] Unlimited access to network resources
2014-02-20 22:10:30.100 EnergyControl[28948:80b] [CDVTimer][splashscreen] 10.621011ms
2014-02-20 22:10:30.101 EnergyControl[28948:80b] [CDVTimer][TotalPluginStartup] 11.215985ms
2014-02-20 22:10:30.287 EnergyControl[28948:80b] Resetting plugins due to page load.
2014-02-20 22:10:31.030 EnergyControl[28948:80b] Finished load of: file:///Users/Jared/Library/Application%20Support/iPhone%20Simulator/7.0.3/Applications/1194AF5E-B672-45CA-98CD-5ED18F8718A2/EnergyControl.app/www/index.html
2014-02-20 22:12:02.253 EnergyControl[29240:80b] Multi-tasking -> Device: YES, App: YES
2014-02-20 22:12:02.264 EnergyControl[29240:80b] Unlimited access to network resources
2014-02-20 22:12:02.299 EnergyControl[29240:80b] [CDVTimer][splashscreen] 10.380983ms
2014-02-20 22:12:02.299 EnergyControl[29240:80b] [CDVTimer][TotalPluginStartup] 11.287987ms
2014-02-20 22:12:02.471 EnergyControl[29240:80b] Resetting plugins due to page load.
2014-02-20 22:12:03.107 EnergyControl[29240:80b] Finished load of: file:///Users/Jared/Library/Application%20Support/iPhone%20Simulator/7.0.3/Applications/1194AF5E-B672-45CA-98CD-5ED18F8718A2/EnergyControl.app/www/index.html
2014-02-20 22:12:59.441 EnergyControl[29523:80b] Multi-tasking -> Device: YES, App: YES
2014-02-20 22:12:59.448 EnergyControl[29523:80b] Unlimited access to network resources
2014-02-20 22:12:59.484 EnergyControl[29523:80b] [CDVTimer][splashscreen] 11.228025ms
2014-02-20 22:12:59.484 EnergyControl[29523:80b] [CDVTimer][TotalPluginStartup] 11.797011ms
2014-02-20 22:12:59.663 EnergyControl[29523:80b] Resetting plugins due to page load.
2014-02-20 22:13:00.189 EnergyControl[29523:80b] Finished load of: file:///Users/Jared/Library/Application%20Support/iPhone%20Simulator/7.0.3/Applications/1194AF5E-B672-45CA-98CD-5ED18F8718A2/EnergyControl.app/www/index.html
2014-02-20 22:13:30.135 EnergyControl[29808:80b] Multi-tasking -> Device: YES, App: YES
2014-02-20 22:13:30.151 EnergyControl[29808:80b] Unlimited access to network resources
2014-02-20 22:13:30.185 EnergyControl[29808:80b] [CDVTimer][splashscreen] 11.084974ms
2014-02-20 22:13:30.186 EnergyControl[29808:80b] [CDVTimer][TotalPluginStartup] 11.684954ms
2014-02-20 22:13:30.363 EnergyControl[29808:80b] Resetting plugins due to page load.
2014-02-20 22:13:31.036 EnergyControl[29808:80b] Finished load of: file:///Users/Jared/Library/Application%20Support/iPhone%20Simulator/7.0.3/Applications/1194AF5E-B672-45CA-98CD-5ED18F8718A2/EnergyControl.app/www/index.html
2014-02-20 22:14:08.546 EnergyControl[30092:80b] Multi-tasking -> Device: YES, App: YES
2014-02-20 22:14:08.555 EnergyControl[30092:80b] Unlimited access to network resources
2014-02-20 22:14:08.582 EnergyControl[30092:80b] [CDVTimer][splashscreen] 8.418977ms
2014-02-20 22:14:08.583 EnergyControl[30092:80b] [CDVTimer][TotalPluginStartup] 8.904040ms
2014-02-20 22:14:08.748 EnergyControl[30092:80b] Resetting plugins due to page load.
2014-02-20 22:14:09.367 EnergyControl[30092:80b] Finished load of: file:///Users/Jared/Library/Application%20Support/iPhone%20Simulator/7.0.3/Applications/1194AF5E-B672-45CA-98CD-5ED18F8718A2/EnergyControl.app/www/index.html
2014-02-20 22:14:48.228 EnergyControl[30378:80b] Multi-tasking -> Device: YES, App: YES
2014-02-20 22:14:48.238 EnergyControl[30378:80b] Unlimited access to network resources
2014-02-20 22:14:48.270 EnergyControl[30378:80b] [CDVTimer][splashscreen] 9.550035ms
2014-02-20 22:14:48.271 EnergyControl[30378:80b] [CDVTimer][TotalPluginStartup] 10.115981ms
2014-02-20 22:14:48.432 EnergyControl[30378:80b] Resetting plugins due to page load.
2014-02-20 22:14:49.083 EnergyControl[30378:80b] Finished load of: file:///Users/Jared/Library/Application%20Support/iPhone%20Simulator/7.0.3/Applications/1194AF5E-B672-45CA-98CD-5ED18F8718A2/EnergyControl.app/www/index.html
2014-02-20 22:18:11.285 EnergyControl[30677:80b] Multi-tasking -> Device: YES, App: YES
2014-02-20 22:18:11.295 EnergyControl[30677:80b] Unlimited access to network resources
2014-02-20 22:18:11.324 EnergyControl[30677:80b] [CDVTimer][splashscreen] 9.603977ms
2014-02-20 22:18:11.325 EnergyControl[30677:80b] [CDVTimer][TotalPluginStartup] 10.156989ms
2014-02-20 22:18:11.518 EnergyControl[30677:80b] Resetting plugins due to page load.
2014-02-20 22:18:11.932 EnergyControl[30677:80b] Finished load of: file:///Users/Jared/Library/Application%20Support/iPhone%20Simulator/7.0.3/Applications/1194AF5E-B672-45CA-98CD-5ED18F8718A2/EnergyControl.app/www/index.html
2014-02-20 22:18:53.925 EnergyControl[30961:80b] Multi-tasking -> Device: YES, App: YES
2014-02-20 22:18:53.973 EnergyControl[30961:80b] Unlimited access to network resources
2014-02-20 22:18:54.005 EnergyControl[30961:80b] [CDVTimer][splashscreen] 9.981990ms
2014-02-20 22:18:54.005 EnergyControl[30961:80b] [CDVTimer][TotalPluginStartup] 10.542989ms
2014-02-20 22:18:54.182 EnergyControl[30961:80b] Resetting plugins due to page load.
2014-02-20 22:18:54.522 EnergyControl[30961:80b] Finished load of: file:///Users/Jared/Library/Application%20Support/iPhone%20Simulator/7.0.3/Applications/1194AF5E-B672-45CA-98CD-5ED18F8718A2/EnergyControl.app/www/index.html
2014-02-20 23:22:48.500 EnergyControl[32504:80b] Multi-tasking -> Device: YES, App: YES
2014-02-20 23:22:48.974 EnergyControl[32504:80b] Unlimited access to network resources
2014-02-20 23:22:51.209 EnergyControl[32504:80b] [CDVTimer][splashscreen] 247.357011ms
2014-02-20 23:22:51.210 EnergyControl[32504:80b] [CDVTimer][TotalPluginStartup] 247.906983ms
2014-02-20 23:22:51.343 EnergyControl[32504:80b] Resetting plugins due to page load.
2014-02-20 23:22:52.060 EnergyControl[32504:80b] Finished load of: file:///Users/Jared/Library/Application%20Support/iPhone%20Simulator/7.0.3/Applications/1194AF5E-B672-45CA-98CD-5ED18F8718A2/EnergyControl.app/www/index.html
2014-02-20 23:23:18.814 EnergyControl[32504:80b] CDVWebViewDelegate: Navigation started when state=1
2014-02-20 23:23:18.814 EnergyControl[32504:80b] Failed to load webpage with error: CDVWebViewDelegate: Navigation started when state=1
2014-02-20 23:24:27.260 EnergyControl[32504:80b] CDVWebViewDelegate: Navigation started when state=1
2014-02-20 23:24:27.260 EnergyControl[32504:80b] Failed to load webpage with error: CDVWebViewDelegate: Navigation started when state=1
2014-02-20 23:29:09.369 EnergyControl[32803:80b] Multi-tasking -> Device: YES, App: YES
2014-02-20 23:29:09.379 EnergyControl[32803:80b] Unlimited access to network resources
2014-02-20 23:29:09.411 EnergyControl[32803:80b] [CDVTimer][splashscreen] 9.959996ms
2014-02-20 23:29:09.411 EnergyControl[32803:80b] [CDVTimer][TotalPluginStartup] 10.535002ms
2014-02-20 23:29:09.604 EnergyControl[32803:80b] Resetting plugins due to page load.
2014-02-20 23:29:10.077 EnergyControl[32803:80b] Finished load of: file:///Users/Jared/Library/Application%20Support/iPhone%20Simulator/7.0.3/Applications/1194AF5E-B672-45CA-98CD-5ED18F8718A2/EnergyControl.app/www/index.html
2014-02-20 23:29:17.204 EnergyControl[32803:80b] CDVWebViewDelegate: Navigation started when state=1
2014-02-20 23:29:17.204 EnergyControl[32803:80b] Failed to load webpage with error: CDVWebViewDelegate: Navigation started when state=1
2014-02-20 23:30:59.311 EnergyControl[33383:80b] Multi-tasking -> Device: YES, App: YES
2014-02-20 23:30:59.322 EnergyControl[33383:80b] Unlimited access to network resources
2014-02-20 23:30:59.357 EnergyControl[33383:80b] [CDVTimer][splashscreen] 11.243999ms
2014-02-20 23:30:59.357 EnergyControl[33383:80b] [CDVTimer][TotalPluginStartup] 11.874974ms
2014-02-20 23:30:59.418 EnergyControl[33383:80b] Resetting plugins due to page load.
2014-02-20 23:30:59.909 EnergyControl[33383:80b] Finished load of: file:///Users/Jared/Library/Application%20Support/iPhone%20Simulator/7.0.3/Applications/1194AF5E-B672-45CA-98CD-5ED18F8718A2/EnergyControl.app/www/index.html
2014-02-20 23:34:17.644 EnergyControl[33685:80b] Multi-tasking -> Device: YES, App: YES
2014-02-20 23:34:17.653 EnergyControl[33685:80b] Unlimited access to network resources
2014-02-20 23:34:17.684 EnergyControl[33685:80b] [CDVTimer][splashscreen] 8.828998ms
2014-02-20 23:34:17.684 EnergyControl[33685:80b] [CDVTimer][TotalPluginStartup] 9.395003ms
2014-02-20 23:34:17.877 EnergyControl[33685:80b] Resetting plugins due to page load.
2014-02-20 23:34:18.504 EnergyControl[33685:80b] Finished load of: file:///Users/Jared/Library/Application%20Support/iPhone%20Simulator/7.0.3/Applications/1194AF5E-B672-45CA-98CD-5ED18F8718A2/EnergyControl.app/www/index.html
2014-02-20 23:34:29.678 EnergyControl[33685:80b] CDVWebViewDelegate: Navigation started when state=1
2014-02-20 23:34:29.678 EnergyControl[33685:80b] Failed to load webpage with error: CDVWebViewDelegate: Navigation started when state=1
2014-02-20 23:35:41.953 EnergyControl[33975:80b] Multi-tasking -> Device: YES, App: YES
2014-02-20 23:35:41.962 EnergyControl[33975:80b] Unlimited access to network resources
2014-02-20 23:35:41.994 EnergyControl[33975:80b] [CDVTimer][splashscreen] 9.446979ms
2014-02-20 23:35:41.994 EnergyControl[33975:80b] [CDVTimer][TotalPluginStartup] 9.985983ms
2014-02-20 23:35:42.186 EnergyControl[33975:80b] Resetting plugins due to page load.
2014-02-20 23:35:42.562 EnergyControl[33975:80b] Finished load of: file:///Users/Jared/Library/Application%20Support/iPhone%20Simulator/7.0.3/Applications/1194AF5E-B672-45CA-98CD-5ED18F8718A2/EnergyControl.app/www/index.html
2014-02-20 23:45:08.615 EnergyControl[34548:80b] Multi-tasking -> Device: YES, App: YES
2014-02-20 23:45:08.742 EnergyControl[34548:80b] Unlimited access to network resources
2014-02-20 23:45:08.979 EnergyControl[34548:80b] [CDVTimer][splashscreen] 220.560014ms
2014-02-20 23:45:08.980 EnergyControl[34548:80b] [CDVTimer][TotalPluginStartup] 220.988035ms
2014-02-20 23:45:09.109 EnergyControl[34548:80b] Resetting plugins due to page load.
2014-02-20 23:45:10.620 EnergyControl[34548:80b] Finished load of: file:///Users/Jared/Library/Application%20Support/iPhone%20Simulator/7.0.3/Applications/1194AF5E-B672-45CA-98CD-5ED18F8718A2/EnergyControl.app/www/index.html
2014-02-20 23:45:51.178 EnergyControl[34835:80b] Multi-tasking -> Device: YES, App: YES
2014-02-20 23:45:51.227 EnergyControl[34835:80b] Unlimited access to network resources
2014-02-20 23:45:51.259 EnergyControl[34835:80b] [CDVTimer][splashscreen] 9.952009ms
2014-02-20 23:45:51.259 EnergyControl[34835:80b] [CDVTimer][TotalPluginStartup] 10.434985ms
2014-02-20 23:45:51.428 EnergyControl[34835:80b] Resetting plugins due to page load.
2014-02-20 23:45:52.015 EnergyControl[34835:80b] Finished load of: file:///Users/Jared/Library/Application%20Support/iPhone%20Simulator/7.0.3/Applications/1194AF5E-B672-45CA-98CD-5ED18F8718A2/EnergyControl.app/www/index.html
2014-02-20 23:56:07.842 EnergyControl[35300:80b] Multi-tasking -> Device: YES, App: YES
2014-02-20 23:56:07.849 EnergyControl[35300:80b] Unlimited access to network resources
2014-02-20 23:56:07.874 EnergyControl[35300:80b] [CDVTimer][splashscreen] 7.425964ms
2014-02-20 23:56:07.874 EnergyControl[35300:80b] [CDVTimer][TotalPluginStartup] 7.835984ms
2014-02-20 23:56:08.009 EnergyControl[35300:80b] Resetting plugins due to page load.
2014-02-20 23:56:09.090 EnergyControl[35300:80b] Finished load of: file:///Users/Jared/Library/Application%20Support/iPhone%20Simulator/7.0.3/Applications/1194AF5E-B672-45CA-98CD-5ED18F8718A2/EnergyControl.app/www/index.html
2014-02-20 23:56:45.068 EnergyControl[35587:80b] Multi-tasking -> Device: YES, App: YES
2014-02-20 23:56:45.100 EnergyControl[35587:80b] Unlimited access to network resources
2014-02-20 23:56:45.122 EnergyControl[35587:80b] [CDVTimer][splashscreen] 7.415950ms
2014-02-20 23:56:45.123 EnergyControl[35587:80b] [CDVTimer][TotalPluginStartup] 7.820010ms
2014-02-20 23:56:45.249 EnergyControl[35587:80b] Resetting plugins due to page load.
2014-02-20 23:56:45.717 EnergyControl[35587:80b] Finished load of: file:///Users/Jared/Library/Application%20Support/iPhone%20Simulator/7.0.3/Applications/1194AF5E-B672-45CA-98CD-5ED18F8718A2/EnergyControl.app/www/index.html
2014-02-23 15:19:39.977 EnergyControl[40910:80b] Multi-tasking -> Device: YES, App: YES
2014-02-23 15:19:40.341 EnergyControl[40910:80b] Unlimited access to network resources
2014-02-23 15:19:42.642 EnergyControl[40910:80b] [CDVTimer][splashscreen] 300.325036ms
2014-02-23 15:19:42.643 EnergyControl[40910:80b] [CDVTimer][TotalPluginStartup] 300.769985ms
2014-02-23 15:19:42.992 EnergyControl[40910:80b] Resetting plugins due to page load.
2014-02-23 15:19:44.501 EnergyControl[40910:80b] Finished load of: file:///Users/Jared/Library/Application%20Support/iPhone%20Simulator/7.0.3/Applications/1194AF5E-B672-45CA-98CD-5ED18F8718A2/EnergyControl.app/www/index.html
2014-02-23 15:20:24.196 EnergyControl[40910:80b] CDVWebViewDelegate: Navigation started when state=1
2014-02-23 15:20:24.196 EnergyControl[40910:80b] Failed to load webpage with error: CDVWebViewDelegate: Navigation started when state=1
2014-02-23 15:20:25.475 EnergyControl[40910:80b] CDVWebViewDelegate: Navigation started when state=1
2014-02-23 15:20:25.476 EnergyControl[40910:80b] Failed to load webpage with error: CDVWebViewDelegate: Navigation started when state=1
2014-02-23 16:40:59.643 EnergyControl[42434:80b] Multi-tasking -> Device: YES, App: YES
2014-02-23 16:40:59.915 EnergyControl[42434:80b] Unlimited access to network resources
2014-02-23 16:40:59.965 EnergyControl[42434:80b] [CDVTimer][splashscreen] 11.005998ms
2014-02-23 16:40:59.965 EnergyControl[42434:80b] [CDVTimer][TotalPluginStartup] 11.482954ms
2014-02-23 16:41:00.190 EnergyControl[42434:80b] Resetting plugins due to page load.
2014-02-23 16:41:00.841 EnergyControl[42434:80b] Finished load of: file:///Users/Jared/Library/Application%20Support/iPhone%20Simulator/7.0.3/Applications/1194AF5E-B672-45CA-98CD-5ED18F8718A2/EnergyControl.app/www/index.html
2014-02-23 16:41:52.651 EnergyControl[42434:80b] CDVWebViewDelegate: Navigation started when state=1
2014-02-23 16:41:52.651 EnergyControl[42434:80b] Failed to load webpage with error: CDVWebViewDelegate: Navigation started when state=1
2014-02-23 16:41:54.126 EnergyControl[42434:80b] CDVWebViewDelegate: Navigation started when state=1
2014-02-23 16:41:54.127 EnergyControl[42434:80b] Failed to load webpage with error: CDVWebViewDelegate: Navigation started when state=1
2014-02-23 16:42:11.842 EnergyControl[42434:80b] CDVWebViewDelegate: Navigation started when state=1
2014-02-23 16:42:11.842 EnergyControl[42434:80b] Failed to load webpage with error: CDVWebViewDelegate: Navigation started when state=1
Terminating in response to SpringBoard's termination.
2014-02-25 18:57:43.644 EnergyControl[50421:80b] Multi-tasking -> Device: YES, App: YES
2014-02-25 18:57:43.827 EnergyControl[50421:80b] Unlimited access to network resources
2014-02-25 18:57:46.127 EnergyControl[50421:80b] [CDVTimer][splashscreen] 264.171004ms
2014-02-25 18:57:46.127 EnergyControl[50421:80b] [CDVTimer][TotalPluginStartup] 264.600992ms
2014-02-25 18:57:46.284 EnergyControl[50421:80b] Resetting plugins due to page load.
2014-02-25 18:57:47.406 EnergyControl[50421:80b] Finished load of: file:///Users/Jared/Library/Application%20Support/iPhone%20Simulator/7.0.3/Applications/1194AF5E-B672-45CA-98CD-5ED18F8718A2/EnergyControl.app/www/index.html
2014-02-25 19:00:29.249 EnergyControl[50714:80b] Multi-tasking -> Device: YES, App: YES
2014-02-25 19:00:29.261 EnergyControl[50714:80b] Unlimited access to network resources
2014-02-25 19:00:29.298 EnergyControl[50714:80b] [CDVTimer][splashscreen] 9.725988ms
2014-02-25 19:00:29.298 EnergyControl[50714:80b] [CDVTimer][TotalPluginStartup] 10.558963ms
2014-02-25 19:00:29.507 EnergyControl[50714:80b] Resetting plugins due to page load.
2014-02-25 19:00:29.843 EnergyControl[50714:80b] Finished load of: file:///Users/Jared/Library/Application%20Support/iPhone%20Simulator/7.0.3/Applications/1194AF5E-B672-45CA-98CD-5ED18F8718A2/EnergyControl.app/www/index.html
2014-02-25 19:00:55.060 EnergyControl[51008:80b] Multi-tasking -> Device: YES, App: YES
2014-02-25 19:00:55.072 EnergyControl[51008:80b] Unlimited access to network resources
2014-02-25 19:00:55.108 EnergyControl[51008:80b] [CDVTimer][splashscreen] 12.453020ms
2014-02-25 19:00:55.109 EnergyControl[51008:80b] [CDVTimer][TotalPluginStartup] 13.499975ms
2014-02-25 19:00:55.263 EnergyControl[51008:80b] Resetting plugins due to page load.
2014-02-25 19:00:55.624 EnergyControl[51008:80b] Finished load of: file:///Users/Jared/Library/Application%20Support/iPhone%20Simulator/7.0.3/Applications/1194AF5E-B672-45CA-98CD-5ED18F8718A2/EnergyControl.app/www/index.html
2014-02-25 19:01:29.608 EnergyControl[51293:80b] Multi-tasking -> Device: YES, App: YES
2014-02-25 19:01:29.617 EnergyControl[51293:80b] Unlimited access to network resources
2014-02-25 19:01:29.649 EnergyControl[51293:80b] [CDVTimer][splashscreen] 10.122001ms
2014-02-25 19:01:29.650 EnergyControl[51293:80b] [CDVTimer][TotalPluginStartup] 11.011004ms
2014-02-25 19:01:29.866 EnergyControl[51293:80b] Resetting plugins due to page load.
2014-02-25 19:01:30.455 EnergyControl[51293:80b] Finished load of: file:///Users/Jared/Library/Application%20Support/iPhone%20Simulator/7.0.3/Applications/1194AF5E-B672-45CA-98CD-5ED18F8718A2/EnergyControl.app/www/index.html
2014-02-25 19:02:21.538 EnergyControl[51293:80b] CDVWebViewDelegate: Navigation started when state=1
2014-02-25 19:02:21.538 EnergyControl[51293:80b] Failed to load webpage with error: CDVWebViewDelegate: Navigation started when state=1
2014-02-25 19:02:22.912 EnergyControl[51293:80b] CDVWebViewDelegate: Navigation started when state=1
2014-02-25 19:02:22.912 EnergyControl[51293:80b] Failed to load webpage with error: CDVWebViewDelegate: Navigation started when state=1
2014-02-25 19:04:24.374 EnergyControl[51606:80b] Multi-tasking -> Device: YES, App: YES
2014-02-25 19:04:24.382 EnergyControl[51606:80b] Unlimited access to network resources
2014-02-25 19:04:24.410 EnergyControl[51606:80b] [CDVTimer][splashscreen] 7.535994ms
2014-02-25 19:04:24.411 EnergyControl[51606:80b] [CDVTimer][TotalPluginStartup] 7.990003ms
2014-02-25 19:04:24.586 EnergyControl[51606:80b] Resetting plugins due to page load.
2014-02-25 19:04:25.012 EnergyControl[51606:80b] Finished load of: file:///Users/Jared/Library/Application%20Support/iPhone%20Simulator/7.0.3/Applications/1194AF5E-B672-45CA-98CD-5ED18F8718A2/EnergyControl.app/www/index.html
2014-02-25 19:05:02.516 EnergyControl[51896:80b] Multi-tasking -> Device: YES, App: YES
2014-02-25 19:05:02.526 EnergyControl[51896:80b] Unlimited access to network resources
2014-02-25 19:05:02.561 EnergyControl[51896:80b] [CDVTimer][splashscreen] 13.285995ms
2014-02-25 19:05:02.561 EnergyControl[51896:80b] [CDVTimer][TotalPluginStartup] 13.810992ms
2014-02-25 19:05:02.796 EnergyControl[51896:80b] Resetting plugins due to page load.
2014-02-25 19:05:03.229 EnergyControl[51896:80b] Finished load of: file:///Users/Jared/Library/Application%20Support/iPhone%20Simulator/7.0.3/Applications/1194AF5E-B672-45CA-98CD-5ED18F8718A2/EnergyControl.app/www/index.html
2014-02-25 19:14:59.239 EnergyControl[52412:80b] Multi-tasking -> Device: YES, App: YES
2014-02-25 19:14:59.275 EnergyControl[52412:80b] Unlimited access to network resources
2014-02-25 19:14:59.299 EnergyControl[52412:80b] [CDVTimer][splashscreen] 7.125974ms
2014-02-25 19:14:59.300 EnergyControl[52412:80b] [CDVTimer][TotalPluginStartup] 7.535994ms
2014-02-25 19:14:59.432 EnergyControl[52412:80b] Resetting plugins due to page load.
2014-02-25 19:14:59.956 EnergyControl[52412:80b] Finished load of: file:///Users/Jared/Library/Application%20Support/iPhone%20Simulator/7.0.3/Applications/1194AF5E-B672-45CA-98CD-5ED18F8718A2/EnergyControl.app/www/index.html
2014-02-25 19:15:03.131 EnergyControl[52412:80b] CDVWebViewDelegate: Navigation started when state=1
2014-02-25 19:15:03.131 EnergyControl[52412:80b] Failed to load webpage with error: CDVWebViewDelegate: Navigation started when state=1
2014-02-25 19:15:04.184 EnergyControl[52412:80b] CDVWebViewDelegate: Navigation started when state=1
2014-02-25 19:15:04.184 EnergyControl[52412:80b] Failed to load webpage with error: CDVWebViewDelegate: Navigation started when state=1
2014-02-25 19:16:11.826 EnergyControl[52703:80b] Multi-tasking -> Device: YES, App: YES
2014-02-25 19:16:11.835 EnergyControl[52703:80b] Unlimited access to network resources
2014-02-25 19:16:11.862 EnergyControl[52703:80b] [CDVTimer][splashscreen] 7.634997ms
2014-02-25 19:16:11.862 EnergyControl[52703:80b] [CDVTimer][TotalPluginStartup] 8.082986ms
2014-02-25 19:16:12.066 EnergyControl[52703:80b] Resetting plugins due to page load.
2014-02-25 19:16:12.454 EnergyControl[52703:80b] Finished load of: file:///Users/Jared/Library/Application%20Support/iPhone%20Simulator/7.0.3/Applications/1194AF5E-B672-45CA-98CD-5ED18F8718A2/EnergyControl.app/www/index.html
2014-02-25 19:16:45.387 EnergyControl[52703:80b] CDVWebViewDelegate: Navigation started when state=1
2014-02-25 19:16:45.387 EnergyControl[52703:80b] Failed to load webpage with error: CDVWebViewDelegate: Navigation started when state=1
2014-02-25 19:16:46.419 EnergyControl[52703:80b] CDVWebViewDelegate: Navigation started when state=1
2014-02-25 19:16:46.420 EnergyControl[52703:80b] Failed to load webpage with error: CDVWebViewDelegate: Navigation started when state=1
2014-02-25 19:18:32.366 EnergyControl[53002:80b] Multi-tasking -> Device: YES, App: YES
2014-02-25 19:18:32.376 EnergyControl[53002:80b] Unlimited access to network resources
2014-02-25 19:18:32.410 EnergyControl[53002:80b] [CDVTimer][splashscreen] 11.026025ms
2014-02-25 19:18:32.411 EnergyControl[53002:80b] [CDVTimer][TotalPluginStartup] 11.863947ms
2014-02-25 19:18:32.636 EnergyControl[53002:80b] Resetting plugins due to page load.
2014-02-25 19:18:33.196 EnergyControl[53002:80b] Finished load of: file:///Users/Jared/Library/Application%20Support/iPhone%20Simulator/7.0.3/Applications/1194AF5E-B672-45CA-98CD-5ED18F8718A2/EnergyControl.app/www/index.html
2014-02-25 19:18:35.944 EnergyControl[53002:80b] CDVWebViewDelegate: Navigation started when state=1
2014-02-25 19:18:35.944 EnergyControl[53002:80b] Failed to load webpage with error: CDVWebViewDelegate: Navigation started when state=1
2014-02-25 19:18:36.846 EnergyControl[53002:80b] CDVWebViewDelegate: Navigation started when state=1
2014-02-25 19:18:36.846 EnergyControl[53002:80b] Failed to load webpage with error: CDVWebViewDelegate: Navigation started when state=1
2014-02-25 19:20:50.155 EnergyControl[53301:80b] Multi-tasking -> Device: YES, App: YES
2014-02-25 19:20:50.162 EnergyControl[53301:80b] Unlimited access to network resources
2014-02-25 19:20:50.204 EnergyControl[53301:80b] [CDVTimer][splashscreen] 11.625051ms
2014-02-25 19:20:50.204 EnergyControl[53301:80b] [CDVTimer][TotalPluginStartup] 12.088001ms
2014-02-25 19:20:50.417 EnergyControl[53301:80b] Resetting plugins due to page load.
2014-02-25 19:20:50.798 EnergyControl[53301:80b] Finished load of: file:///Users/Jared/Library/Application%20Support/iPhone%20Simulator/7.0.3/Applications/1194AF5E-B672-45CA-98CD-5ED18F8718A2/EnergyControl.app/www/index.html
2014-02-25 19:21:10.415 EnergyControl[53301:80b] CDVWebViewDelegate: Navigation started when state=1
2014-02-25 19:21:10.416 EnergyControl[53301:80b] Failed to load webpage with error: CDVWebViewDelegate: Navigation started when state=1
2014-02-25 19:21:12.001 EnergyControl[53301:80b] CDVWebViewDelegate: Navigation started when state=1
2014-02-25 19:21:12.001 EnergyControl[53301:80b] Failed to load webpage with error: CDVWebViewDelegate: Navigation started when state=1
2014-02-25 19:23:26.396 EnergyControl[53604:80b] Multi-tasking -> Device: YES, App: YES
2014-02-25 19:23:26.410 EnergyControl[53604:80b] Unlimited access to network resources
2014-02-25 19:23:26.457 EnergyControl[53604:80b] [CDVTimer][splashscreen] 16.291022ms
2014-02-25 19:23:26.458 EnergyControl[53604:80b] [CDVTimer][TotalPluginStartup] 17.700970ms
2014-02-25 19:23:26.769 EnergyControl[53604:80b] Resetting plugins due to page load.
2014-02-25 19:23:27.271 EnergyControl[53604:80b] Finished load of: file:///Users/Jared/Library/Application%20Support/iPhone%20Simulator/7.0.3/Applications/1194AF5E-B672-45CA-98CD-5ED18F8718A2/EnergyControl.app/www/index.html
2014-02-25 19:24:14.257 EnergyControl[53604:80b] CDVWebViewDelegate: Navigation started when state=1
2014-02-25 19:24:14.257 EnergyControl[53604:80b] Failed to load webpage with error: CDVWebViewDelegate: Navigation started when state=1
2014-02-25 19:24:25.375 EnergyControl[53604:80b] CDVWebViewDelegate: Navigation started when state=1
2014-02-25 19:24:25.376 EnergyControl[53604:80b] Failed to load webpage with error: CDVWebViewDelegate: Navigation started when state=1
2014-02-25 19:24:27.168 EnergyControl[53604:80b] CDVWebViewDelegate: Navigation started when state=1
2014-02-25 19:24:27.169 EnergyControl[53604:80b] Failed to load webpage with error: CDVWebViewDelegate: Navigation started when state=1
2014-02-25 19:25:00.083 EnergyControl[53898:80b] Multi-tasking -> Device: YES, App: YES
2014-02-25 19:25:00.093 EnergyControl[53898:80b] Unlimited access to network resources
2014-02-25 19:25:00.125 EnergyControl[53898:80b] [CDVTimer][splashscreen] 10.505021ms
2014-02-25 19:25:00.126 EnergyControl[53898:80b] [CDVTimer][TotalPluginStartup] 11.442959ms
2014-02-25 19:25:00.342 EnergyControl[53898:80b] Resetting plugins due to page load.
2014-02-25 19:25:00.826 EnergyControl[53898:80b] Finished load of: file:///Users/Jared/Library/Application%20Support/iPhone%20Simulator/7.0.3/Applications/1194AF5E-B672-45CA-98CD-5ED18F8718A2/EnergyControl.app/www/index.html
2014-02-25 19:25:04.021 EnergyControl[53898:80b] CDVWebViewDelegate: Navigation started when state=1
2014-02-25 19:25:04.021 EnergyControl[53898:80b] Failed to load webpage with error: CDVWebViewDelegate: Navigation started when state=1
2014-02-25 19:25:05.433 EnergyControl[53898:80b] CDVWebViewDelegate: Navigation started when state=1
2014-02-25 19:25:05.433 EnergyControl[53898:80b] Failed to load webpage with error: CDVWebViewDelegate: Navigation started when state=1
2014-02-25 19:25:07.096 EnergyControl[53898:80b] CDVWebViewDelegate: Navigation started when state=1
2014-02-25 19:25:07.097 EnergyControl[53898:80b] Failed to load webpage with error: CDVWebViewDelegate: Navigation started when state=1
2014-02-25 19:25:43.237 EnergyControl[54187:80b] Multi-tasking -> Device: YES, App: YES
2014-02-25 19:25:43.246 EnergyControl[54187:80b] Unlimited access to network resources
2014-02-25 19:25:43.279 EnergyControl[54187:80b] [CDVTimer][splashscreen] 9.664059ms
2014-02-25 19:25:43.279 EnergyControl[54187:80b] [CDVTimer][TotalPluginStartup] 10.197997ms
2014-02-25 19:25:43.485 EnergyControl[54187:80b] Resetting plugins due to page load.
2014-02-25 19:25:43.998 EnergyControl[54187:80b] Finished load of: file:///Users/Jared/Library/Application%20Support/iPhone%20Simulator/7.0.3/Applications/1194AF5E-B672-45CA-98CD-5ED18F8718A2/EnergyControl.app/www/index.html
2014-02-25 19:25:50.828 EnergyControl[54187:80b] CDVWebViewDelegate: Navigation started when state=1
2014-02-25 19:25:50.828 EnergyControl[54187:80b] Failed to load webpage with error: CDVWebViewDelegate: Navigation started when state=1
2014-02-25 19:25:54.885 EnergyControl[54187:80b] CDVWebViewDelegate: Navigation started when state=1
2014-02-25 19:25:54.886 EnergyControl[54187:80b] Failed to load webpage with error: CDVWebViewDelegate: Navigation started when state=1
2014-02-25 19:28:35.912 EnergyControl[54492:80b] Multi-tasking -> Device: YES, App: YES
2014-02-25 19:28:35.921 EnergyControl[54492:80b] Unlimited access to network resources
2014-02-25 19:28:35.954 EnergyControl[54492:80b] [CDVTimer][splashscreen] 9.881973ms
2014-02-25 19:28:35.954 EnergyControl[54492:80b] [CDVTimer][TotalPluginStartup] 10.439038ms
2014-02-25 19:28:36.156 EnergyControl[54492:80b] Resetting plugins due to page load.
2014-02-25 19:28:36.647 EnergyControl[54492:80b] Finished load of: file:///Users/Jared/Library/Application%20Support/iPhone%20Simulator/7.0.3/Applications/1194AF5E-B672-45CA-98CD-5ED18F8718A2/EnergyControl.app/www/index.html
2014-02-25 19:29:35.917 EnergyControl[54492:80b] CDVWebViewDelegate: Navigation started when state=1
2014-02-25 19:29:35.918 EnergyControl[54492:80b] Failed to load webpage with error: CDVWebViewDelegate: Navigation started when state=1
2014-02-25 19:29:37.919 EnergyControl[54492:80b] CDVWebViewDelegate: Navigation started when state=1
2014-02-25 19:29:37.920 EnergyControl[54492:80b] Failed to load webpage with error: CDVWebViewDelegate: Navigation started when state=1
2014-02-25 19:30:57.791 EnergyControl[54792:80b] Multi-tasking -> Device: YES, App: YES
2014-02-25 19:30:57.797 EnergyControl[54792:80b] Unlimited access to network resources
2014-02-25 19:30:57.825 EnergyControl[54792:80b] [CDVTimer][splashscreen] 8.966029ms
2014-02-25 19:30:57.826 EnergyControl[54792:80b] [CDVTimer][TotalPluginStartup] 9.525001ms
2014-02-25 19:30:58.010 EnergyControl[54792:80b] Resetting plugins due to page load.
2014-02-25 19:30:58.412 EnergyControl[54792:80b] Finished load of: file:///Users/Jared/Library/Application%20Support/iPhone%20Simulator/7.0.3/Applications/1194AF5E-B672-45CA-98CD-5ED18F8718A2/EnergyControl.app/www/index.html
2014-02-25 19:31:07.070 EnergyControl[54792:80b] CDVWebViewDelegate: Navigation started when state=1
2014-02-25 19:31:07.071 EnergyControl[54792:80b] Failed to load webpage with error: CDVWebViewDelegate: Navigation started when state=1
2014-02-25 19:31:07.960 EnergyControl[54792:80b] CDVWebViewDelegate: Navigation started when state=1
2014-02-25 19:31:07.960 EnergyControl[54792:80b] Failed to load webpage with error: CDVWebViewDelegate: Navigation started when state=1
2014-02-25 19:31:35.154 EnergyControl[55081:80b] Multi-tasking -> Device: YES, App: YES
2014-02-25 19:31:35.164 EnergyControl[55081:80b] Unlimited access to network resources
2014-02-25 19:31:35.196 EnergyControl[55081:80b] [CDVTimer][splashscreen] 10.304987ms
2014-02-25 19:31:35.197 EnergyControl[55081:80b] [CDVTimer][TotalPluginStartup] 11.141002ms
2014-02-25 19:31:35.438 EnergyControl[55081:80b] Resetting plugins due to page load.
2014-02-25 19:31:35.864 EnergyControl[55081:80b] Finished load of: file:///Users/Jared/Library/Application%20Support/iPhone%20Simulator/7.0.3/Applications/1194AF5E-B672-45CA-98CD-5ED18F8718A2/EnergyControl.app/www/index.html
2014-02-25 19:31:40.582 EnergyControl[55081:80b] CDVWebViewDelegate: Navigation started when state=1
2014-02-25 19:31:40.582 EnergyControl[55081:80b] Failed to load webpage with error: CDVWebViewDelegate: Navigation started when state=1
2014-02-25 19:31:42.836 EnergyControl[55081:80b] CDVWebViewDelegate: Navigation started when state=1
2014-02-25 19:31:42.836 EnergyControl[55081:80b] Failed to load webpage with error: CDVWebViewDelegate: Navigation started when state=1
2014-02-25 19:34:25.261 EnergyControl[55081:80b] CDVWebViewDelegate: Navigation started when state=1
2014-02-25 19:34:25.261 EnergyControl[55081:80b] Failed to load webpage with error: CDVWebViewDelegate: Navigation started when state=1
2014-02-25 19:34:37.556 EnergyControl[55081:80b] CDVWebViewDelegate: Navigation started when state=1
2014-02-25 19:34:37.557 EnergyControl[55081:80b] Failed to load webpage with error: CDVWebViewDelegate: Navigation started when state=1
2014-02-25 19:36:01.651 EnergyControl[55081:80b] CDVWebViewDelegate: Navigation started when state=1
2014-02-25 19:36:01.652 EnergyControl[55081:80b] Failed to load webpage with error: CDVWebViewDelegate: Navigation started when state=1
2014-02-25 19:41:12.022 EnergyControl[55398:80b] Multi-tasking -> Device: YES, App: YES
2014-02-25 19:41:12.032 EnergyControl[55398:80b] Unlimited access to network resources
2014-02-25 19:41:12.068 EnergyControl[55398:80b] [CDVTimer][splashscreen] 11.300981ms
2014-02-25 19:41:12.087 EnergyControl[55398:80b] [CDVTimer][TotalPluginStartup] 30.191004ms
2014-02-25 19:41:12.284 EnergyControl[55398:80b] Resetting plugins due to page load.
2014-02-25 19:41:13.676 EnergyControl[55398:80b] Finished load of: file:///Users/Jared/Library/Application%20Support/iPhone%20Simulator/7.0.3/Applications/1194AF5E-B672-45CA-98CD-5ED18F8718A2/EnergyControl.app/www/index.html
2014-02-25 19:41:18.895 EnergyControl[55398:80b] CDVWebViewDelegate: Navigation started when state=1
2014-02-25 19:41:18.895 EnergyControl[55398:80b] Failed to load webpage with error: CDVWebViewDelegate: Navigation started when state=1
2014-02-25 19:41:20.427 EnergyControl[55398:80b] CDVWebViewDelegate: Navigation started when state=1
2014-02-25 19:41:20.428 EnergyControl[55398:80b] Failed to load webpage with error: CDVWebViewDelegate: Navigation started when state=1
2014-02-25 19:42:06.942 EnergyControl[55687:80b] Multi-tasking -> Device: YES, App: YES
2014-02-25 19:42:06.952 EnergyControl[55687:80b] Unlimited access to network resources
2014-02-25 19:42:06.983 EnergyControl[55687:80b] [CDVTimer][splashscreen] 9.984016ms
2014-02-25 19:42:06.984 EnergyControl[55687:80b] [CDVTimer][TotalPluginStartup] 10.510027ms
2014-02-25 19:42:07.209 EnergyControl[55687:80b] Resetting plugins due to page load.
2014-02-25 19:42:07.693 EnergyControl[55687:80b] Finished load of: file:///Users/Jared/Library/Application%20Support/iPhone%20Simulator/7.0.3/Applications/1194AF5E-B672-45CA-98CD-5ED18F8718A2/EnergyControl.app/www/index.html
2014-02-25 19:42:30.603 EnergyControl[55687:80b] CDVWebViewDelegate: Navigation started when state=1
2014-02-25 19:42:30.604 EnergyControl[55687:80b] Failed to load webpage with error: CDVWebViewDelegate: Navigation started when state=1
2014-02-25 19:42:31.649 EnergyControl[55687:80b] CDVWebViewDelegate: Navigation started when state=1
2014-02-25 19:42:31.650 EnergyControl[55687:80b] Failed to load webpage with error: CDVWebViewDelegate: Navigation started when state=1
2014-02-25 19:43:50.710 EnergyControl[55980:80b] Multi-tasking -> Device: YES, App: YES
2014-02-25 19:43:50.719 EnergyControl[55980:80b] Unlimited access to network resources
2014-02-25 19:43:50.751 EnergyControl[55980:80b] [CDVTimer][splashscreen] 10.002971ms
2014-02-25 19:43:50.751 EnergyControl[55980:80b] [CDVTimer][TotalPluginStartup] 10.535002ms
2014-02-25 19:43:51.039 EnergyControl[55980:80b] Resetting plugins due to page load.
2014-02-25 19:43:51.538 EnergyControl[55980:80b] Finished load of: file:///Users/Jared/Library/Application%20Support/iPhone%20Simulator/7.0.3/Applications/1194AF5E-B672-45CA-98CD-5ED18F8718A2/EnergyControl.app/www/index.html
2014-02-25 19:43:55.580 EnergyControl[55980:80b] CDVWebViewDelegate: Navigation started when state=1
2014-02-25 19:43:55.580 EnergyControl[55980:80b] Failed to load webpage with error: CDVWebViewDelegate: Navigation started when state=1
2014-02-25 19:43:56.553 EnergyControl[55980:80b] CDVWebViewDelegate: Navigation started when state=1
2014-02-25 19:43:56.553 EnergyControl[55980:80b] Failed to load webpage with error: CDVWebViewDelegate: Navigation started when state=1
2014-02-25 19:44:46.949 EnergyControl[56273:80b] Multi-tasking -> Device: YES, App: YES
2014-02-25 19:44:46.958 EnergyControl[56273:80b] Unlimited access to network resources
2014-02-25 19:44:46.989 EnergyControl[56273:80b] [CDVTimer][splashscreen] 9.401977ms
2014-02-25 19:44:46.990 EnergyControl[56273:80b] [CDVTimer][TotalPluginStartup] 10.169983ms
2014-02-25 19:44:47.212 EnergyControl[56273:80b] Resetting plugins due to page load.
2014-02-25 19:44:48.521 EnergyControl[56273:80b] Finished load of: file:///Users/Jared/Library/Application%20Support/iPhone%20Simulator/7.0.3/Applications/1194AF5E-B672-45CA-98CD-5ED18F8718A2/EnergyControl.app/www/index.html
2014-02-25 19:47:01.477 EnergyControl[56273:80b] CDVWebViewDelegate: Navigation started when state=1
2014-02-25 19:47:01.477 EnergyControl[56273:80b] Failed to load webpage with error: CDVWebViewDelegate: Navigation started when state=1
2014-02-25 19:47:02.676 EnergyControl[56273:80b] CDVWebViewDelegate: Navigation started when state=1
2014-02-25 19:47:02.676 EnergyControl[56273:80b] Failed to load webpage with error: CDVWebViewDelegate: Navigation started when state=1
2014-02-25 19:50:53.568 EnergyControl[56582:80b] Multi-tasking -> Device: YES, App: YES
2014-02-25 19:50:53.578 EnergyControl[56582:80b] Unlimited access to network resources
2014-02-25 19:50:53.610 EnergyControl[56582:80b] [CDVTimer][splashscreen] 10.550976ms
2014-02-25 19:50:53.611 EnergyControl[56582:80b] [CDVTimer][TotalPluginStartup] 11.090040ms
2014-02-25 19:50:53.860 EnergyControl[56582:80b] Resetting plugins due to page load.
2014-02-25 19:50:54.339 EnergyControl[56582:80b] Finished load of: file:///Users/Jared/Library/Application%20Support/iPhone%20Simulator/7.0.3/Applications/1194AF5E-B672-45CA-98CD-5ED18F8718A2/EnergyControl.app/www/index.html
2014-02-25 19:50:56.684 EnergyControl[56582:80b] CDVWebViewDelegate: Navigation started when state=1
2014-02-25 19:50:56.685 EnergyControl[56582:80b] Failed to load webpage with error: CDVWebViewDelegate: Navigation started when state=1
2014-02-25 19:50:57.741 EnergyControl[56582:80b] CDVWebViewDelegate: Navigation started when state=1
2014-02-25 19:50:57.741 EnergyControl[56582:80b] Failed to load webpage with error: CDVWebViewDelegate: Navigation started when state=1
2014-02-25 19:51:36.576 EnergyControl[56582:80b] CDVWebViewDelegate: Navigation started when state=1
2014-02-25 19:51:36.576 EnergyControl[56582:80b] Failed to load webpage with error: CDVWebViewDelegate: Navigation started when state=1
2014-02-25 19:51:57.472 EnergyControl[56582:80b] CDVWebViewDelegate: Navigation started when state=1
2014-02-25 19:51:57.472 EnergyControl[56582:80b] Failed to load webpage with error: CDVWebViewDelegate: Navigation started when state=1
2014-02-25 19:51:58.320 EnergyControl[56582:80b] CDVWebViewDelegate: Navigation started when state=1
2014-02-25 19:51:58.320 EnergyControl[56582:80b] Failed to load webpage with error: CDVWebViewDelegate: Navigation started when state=1
